<?xml version="1.0" encoding="UTF-8"?>
<testsuite xmlns:xsi="http://www.w3.org/2001/XMLSchema-instance" xsi:noNamespaceSchemaLocation="https://maven.apache.org/surefire/maven-surefire-plugin/xsd/surefire-test-report.xsd" name="com.xin.redisson.AppTest" time="0.064" tests="1" errors="0" skipped="0" failures="0">
  <properties>
    <property name="sun.desktop" value="windows"/>
    <property name="awt.toolkit" value="sun.awt.windows.WToolkit"/>
    <property name="file.encoding.pkg" value="sun.io"/>
    <property name="java.specification.version" value="1.8"/>
    <property name="sun.cpu.isalist" value="amd64"/>
    <property name="sun.jnu.encoding" value="GBK"/>
    <property name="java.class.path" value="D:\Users\git-reponsitory\redisson-spring-boot-starter\target\test-classes;D:\Users\git-reponsitory\redisson-spring-boot-starter\target\classes;D:\maven\mvnRespo\org\springframework\boot\spring-boot-starter\2.3.1.RELEASE\spring-boot-starter-2.3.1.RELEASE.jar;D:\maven\mvnRespo\org\springframework\boot\spring-boot\2.3.1.RELEASE\spring-boot-2.3.1.RELEASE.jar;D:\maven\mvnRespo\org\springframework\spring-context\5.2.7.RELEASE\spring-context-5.2.7.RELEASE.jar;D:\maven\mvnRespo\org\springframework\spring-aop\5.2.7.RELEASE\spring-aop-5.2.7.RELEASE.jar;D:\maven\mvnRespo\org\springframework\spring-beans\5.2.7.RELEASE\spring-beans-5.2.7.RELEASE.jar;D:\maven\mvnRespo\org\springframework\spring-expression\5.2.7.RELEASE\spring-expression-5.2.7.RELEASE.jar;D:\maven\mvnRespo\org\springframework\boot\spring-boot-autoconfigure\2.3.1.RELEASE\spring-boot-autoconfigure-2.3.1.RELEASE.jar;D:\maven\mvnRespo\org\springframework\boot\spring-boot-starter-logging\2.3.1.RELEASE\spring-boot-starter-logging-2.3.1.RELEASE.jar;D:\maven\mvnRespo\ch\qos\logback\logback-classic\1.2.3\logback-classic-1.2.3.jar;D:\maven\mvnRespo\ch\qos\logback\logback-core\1.2.3\logback-core-1.2.3.jar;D:\maven\mvnRespo\org\apache\logging\log4j\log4j-to-slf4j\2.13.3\log4j-to-slf4j-2.13.3.jar;D:\maven\mvnRespo\org\apache\logging\log4j\log4j-api\2.13.3\log4j-api-2.13.3.jar;D:\maven\mvnRespo\org\slf4j\jul-to-slf4j\1.7.30\jul-to-slf4j-1.7.30.jar;D:\maven\mvnRespo\jakarta\annotation\jakarta.annotation-api\1.3.5\jakarta.annotation-api-1.3.5.jar;D:\maven\mvnRespo\org\springframework\spring-core\5.2.7.RELEASE\spring-core-5.2.7.RELEASE.jar;D:\maven\mvnRespo\org\springframework\spring-jcl\5.2.7.RELEASE\spring-jcl-5.2.7.RELEASE.jar;D:\maven\mvnRespo\org\yaml\snakeyaml\1.26\snakeyaml-1.26.jar;D:\maven\mvnRespo\org\redisson\redisson\3.13.6\redisson-3.13.6.jar;D:\maven\mvnRespo\io\netty\netty-common\4.1.52.Final\netty-common-4.1.52.Final.jar;D:\maven\mvnRespo\io\netty\netty-codec\4.1.52.Final\netty-codec-4.1.52.Final.jar;D:\maven\mvnRespo\io\netty\netty-buffer\4.1.52.Final\netty-buffer-4.1.52.Final.jar;D:\maven\mvnRespo\io\netty\netty-transport\4.1.52.Final\netty-transport-4.1.52.Final.jar;D:\maven\mvnRespo\io\netty\netty-resolver\4.1.52.Final\netty-resolver-4.1.52.Final.jar;D:\maven\mvnRespo\io\netty\netty-resolver-dns\4.1.52.Final\netty-resolver-dns-4.1.52.Final.jar;D:\maven\mvnRespo\io\netty\netty-codec-dns\4.1.52.Final\netty-codec-dns-4.1.52.Final.jar;D:\maven\mvnRespo\io\netty\netty-handler\4.1.52.Final\netty-handler-4.1.52.Final.jar;D:\maven\mvnRespo\javax\cache\cache-api\1.0.0\cache-api-1.0.0.jar;D:\maven\mvnRespo\io\projectreactor\reactor-core\3.3.9.RELEASE\reactor-core-3.3.9.RELEASE.jar;D:\maven\mvnRespo\org\reactivestreams\reactive-streams\1.0.3\reactive-streams-1.0.3.jar;D:\maven\mvnRespo\io\reactivex\rxjava2\rxjava\2.2.19\rxjava-2.2.19.jar;D:\maven\mvnRespo\org\jboss\marshalling\jboss-marshalling-river\2.0.10.Final\jboss-marshalling-river-2.0.10.Final.jar;D:\maven\mvnRespo\org\jboss\marshalling\jboss-marshalling\2.0.10.Final\jboss-marshalling-2.0.10.Final.jar;D:\maven\mvnRespo\org\slf4j\slf4j-api\1.7.30\slf4j-api-1.7.30.jar;D:\maven\mvnRespo\com\fasterxml\jackson\dataformat\jackson-dataformat-yaml\2.11.1\jackson-dataformat-yaml-2.11.1.jar;D:\maven\mvnRespo\com\fasterxml\jackson\core\jackson-core\2.11.1\jackson-core-2.11.1.jar;D:\maven\mvnRespo\com\fasterxml\jackson\core\jackson-databind\2.11.1\jackson-databind-2.11.1.jar;D:\maven\mvnRespo\com\fasterxml\jackson\core\jackson-annotations\2.11.1\jackson-annotations-2.11.1.jar;D:\maven\mvnRespo\net\bytebuddy\byte-buddy\1.10.14\byte-buddy-1.10.14.jar;D:\maven\mvnRespo\org\jodd\jodd-bean\5.1.6\jodd-bean-5.1.6.jar;D:\maven\mvnRespo\org\jodd\jodd-core\5.1.6\jodd-core-5.1.6.jar;D:\maven\mvnRespo\org\springframework\boot\spring-boot-configuration-processor\2.3.1.RELEASE\spring-boot-configuration-processor-2.3.1.RELEASE.jar;D:\maven\mvnRespo\junit\junit\4.11\junit-4.11.jar;D:\maven\mvnRespo\org\hamcrest\hamcrest-core\1.3\hamcrest-core-1.3.jar;"/>
    <property name="java.vm.vendor" value="Oracle Corporation"/>
    <property name="sun.arch.data.model" value="64"/>
    <property name="user.variant" value=""/>
    <property name="java.vendor.url" value="http://java.oracle.com/"/>
    <property name="user.timezone" value="Asia/Shanghai"/>
    <property name="java.vm.specification.version" value="1.8"/>
    <property name="os.name" value="Windows 10"/>
    <property name="user.country" value="CN"/>
    <property name="sun.java.launcher" value="SUN_STANDARD"/>
    <property name="sun.boot.library.path" value="D:\java\jre\bin"/>
    <property name="sun.java.command" value="C:\Users\xinba\AppData\Local\Temp\surefire6028646676276043169\surefirebooter3236053392926309111.jar C:\Users\xinba\AppData\Local\Temp\surefire6028646676276043169 2021-03-23T17-41-56_539-jvmRun1 surefire5088434085972809258tmp surefire_09124434838087258791tmp"/>
    <property name="surefire.test.class.path" value="D:\Users\git-reponsitory\redisson-spring-boot-starter\target\test-classes;D:\Users\git-reponsitory\redisson-spring-boot-starter\target\classes;D:\maven\mvnRespo\org\springframework\boot\spring-boot-starter\2.3.1.RELEASE\spring-boot-starter-2.3.1.RELEASE.jar;D:\maven\mvnRespo\org\springframework\boot\spring-boot\2.3.1.RELEASE\spring-boot-2.3.1.RELEASE.jar;D:\maven\mvnRespo\org\springframework\spring-context\5.2.7.RELEASE\spring-context-5.2.7.RELEASE.jar;D:\maven\mvnRespo\org\springframework\spring-aop\5.2.7.RELEASE\spring-aop-5.2.7.RELEASE.jar;D:\maven\mvnRespo\org\springframework\spring-beans\5.2.7.RELEASE\spring-beans-5.2.7.RELEASE.jar;D:\maven\mvnRespo\org\springframework\spring-expression\5.2.7.RELEASE\spring-expression-5.2.7.RELEASE.jar;D:\maven\mvnRespo\org\springframework\boot\spring-boot-autoconfigure\2.3.1.RELEASE\spring-boot-autoconfigure-2.3.1.RELEASE.jar;D:\maven\mvnRespo\org\springframework\boot\spring-boot-starter-logging\2.3.1.RELEASE\spring-boot-starter-logging-2.3.1.RELEASE.jar;D:\maven\mvnRespo\ch\qos\logback\logback-classic\1.2.3\logback-classic-1.2.3.jar;D:\maven\mvnRespo\ch\qos\logback\logback-core\1.2.3\logback-core-1.2.3.jar;D:\maven\mvnRespo\org\apache\logging\log4j\log4j-to-slf4j\2.13.3\log4j-to-slf4j-2.13.3.jar;D:\maven\mvnRespo\org\apache\logging\log4j\log4j-api\2.13.3\log4j-api-2.13.3.jar;D:\maven\mvnRespo\org\slf4j\jul-to-slf4j\1.7.30\jul-to-slf4j-1.7.30.jar;D:\maven\mvnRespo\jakarta\annotation\jakarta.annotation-api\1.3.5\jakarta.annotation-api-1.3.5.jar;D:\maven\mvnRespo\org\springframework\spring-core\5.2.7.RELEASE\spring-core-5.2.7.RELEASE.jar;D:\maven\mvnRespo\org\springframework\spring-jcl\5.2.7.RELEASE\spring-jcl-5.2.7.RELEASE.jar;D:\maven\mvnRespo\org\yaml\snakeyaml\1.26\snakeyaml-1.26.jar;D:\maven\mvnRespo\org\redisson\redisson\3.13.6\redisson-3.13.6.jar;D:\maven\mvnRespo\io\netty\netty-common\4.1.52.Final\netty-common-4.1.52.Final.jar;D:\maven\mvnRespo\io\netty\netty-codec\4.1.52.Final\netty-codec-4.1.52.Final.jar;D:\maven\mvnRespo\io\netty\netty-buffer\4.1.52.Final\netty-buffer-4.1.52.Final.jar;D:\maven\mvnRespo\io\netty\netty-transport\4.1.52.Final\netty-transport-4.1.52.Final.jar;D:\maven\mvnRespo\io\netty\netty-resolver\4.1.52.Final\netty-resolver-4.1.52.Final.jar;D:\maven\mvnRespo\io\netty\netty-resolver-dns\4.1.52.Final\netty-resolver-dns-4.1.52.Final.jar;D:\maven\mvnRespo\io\netty\netty-codec-dns\4.1.52.Final\netty-codec-dns-4.1.52.Final.jar;D:\maven\mvnRespo\io\netty\netty-handler\4.1.52.Final\netty-handler-4.1.52.Final.jar;D:\maven\mvnRespo\javax\cache\cache-api\1.0.0\cache-api-1.0.0.jar;D:\maven\mvnRespo\io\projectreactor\reactor-core\3.3.9.RELEASE\reactor-core-3.3.9.RELEASE.jar;D:\maven\mvnRespo\org\reactivestreams\reactive-streams\1.0.3\reactive-streams-1.0.3.jar;D:\maven\mvnRespo\io\reactivex\rxjava2\rxjava\2.2.19\rxjava-2.2.19.jar;D:\maven\mvnRespo\org\jboss\marshalling\jboss-marshalling-river\2.0.10.Final\jboss-marshalling-river-2.0.10.Final.jar;D:\maven\mvnRespo\org\jboss\marshalling\jboss-marshalling\2.0.10.Final\jboss-marshalling-2.0.10.Final.jar;D:\maven\mvnRespo\org\slf4j\slf4j-api\1.7.30\slf4j-api-1.7.30.jar;D:\maven\mvnRespo\com\fasterxml\jackson\dataformat\jackson-dataformat-yaml\2.11.1\jackson-dataformat-yaml-2.11.1.jar;D:\maven\mvnRespo\com\fasterxml\jackson\core\jackson-core\2.11.1\jackson-core-2.11.1.jar;D:\maven\mvnRespo\com\fasterxml\jackson\core\jackson-databind\2.11.1\jackson-databind-2.11.1.jar;D:\maven\mvnRespo\com\fasterxml\jackson\core\jackson-annotations\2.11.1\jackson-annotations-2.11.1.jar;D:\maven\mvnRespo\net\bytebuddy\byte-buddy\1.10.14\byte-buddy-1.10.14.jar;D:\maven\mvnRespo\org\jodd\jodd-bean\5.1.6\jodd-bean-5.1.6.jar;D:\maven\mvnRespo\org\jodd\jodd-core\5.1.6\jodd-core-5.1.6.jar;D:\maven\mvnRespo\org\springframework\boot\spring-boot-configuration-processor\2.3.1.RELEASE\spring-boot-configuration-processor-2.3.1.RELEASE.jar;D:\maven\mvnRespo\junit\junit\4.11\junit-4.11.jar;D:\maven\mvnRespo\org\hamcrest\hamcrest-core\1.3\hamcrest-core-1.3.jar;"/>
    <property name="sun.cpu.endian" value="little"/>
    <property name="user.home" value="C:\Users\xinba"/>
    <property name="user.language" value="zh"/>
    <property name="java.specification.vendor" value="Oracle Corporation"/>
    <property name="java.home" value="D:\java\jre"/>
    <property name="basedir" value="D:\Users\git-reponsitory\redisson-spring-boot-starter"/>
    <property name="file.separator" value="\"/>
    <property name="line.separator" value="&#10;"/>
    <property name="java.vm.specification.vendor" value="Oracle Corporation"/>
    <property name="java.specification.name" value="Java Platform API Specification"/>
    <property name="java.awt.graphicsenv" value="sun.awt.Win32GraphicsEnvironment"/>
    <property name="surefire.real.class.path" value="C:\Users\xinba\AppData\Local\Temp\surefire6028646676276043169\surefirebooter3236053392926309111.jar"/>
    <property name="sun.boot.class.path" value="D:\java\jre\lib\resources.jar;D:\java\jre\lib\rt.jar;D:\java\jre\lib\sunrsasign.jar;D:\java\jre\lib\jsse.jar;D:\java\jre\lib\jce.jar;D:\java\jre\lib\charsets.jar;D:\java\jre\lib\jfr.jar;D:\java\jre\classes"/>
    <property name="user.script" value=""/>
    <property name="sun.management.compiler" value="HotSpot 64-Bit Tiered Compilers"/>
    <property name="java.runtime.version" value="1.8.0_181-b13"/>
    <property name="user.name" value="辛聪明"/>
    <property name="path.separator" value=";"/>
    <property name="os.version" value="10.0"/>
    <property name="java.endorsed.dirs" value="D:\java\jre\lib\endorsed"/>
    <property name="java.runtime.name" value="Java(TM) SE Runtime Environment"/>
    <property name="file.encoding" value="GBK"/>
    <property name="java.vm.name" value="Java HotSpot(TM) 64-Bit Server VM"/>
    <property name="localRepository" value="D:\maven\mvnRespo"/>
    <property name="java.vendor.url.bug" value="http://bugreport.sun.com/bugreport/"/>
    <property name="java.io.tmpdir" value="C:\Users\xinba\AppData\Local\Temp\"/>
    <property name="java.version" value="1.8.0_181"/>
    <property name="user.dir" value="D:\Users\git-reponsitory\redisson-spring-boot-starter"/>
    <property name="os.arch" value="amd64"/>
    <property name="java.vm.specification.name" value="Java Virtual Machine Specification"/>
    <property name="java.awt.printerjob" value="sun.awt.windows.WPrinterJob"/>
    <property name="sun.os.patch.level" value=""/>
    <property name="idea.version2019.2" value="true"/>
    <property name="java.library.path" value="D:\java\jre\bin;C:\WINDOWS\Sun\Java\bin;C:\WINDOWS\system32;C:\WINDOWS;D:\IntelliJ IDEA 2019.2\jbr\\bin;D:\IntelliJ IDEA 2019.2\jbr\\bin\server;D:\RabbitMQServer\rabbitmq_server-3.8.14\sbin;D:\erlang\erl-23.1\bin;E:\hadoop\hadoop-2.7.2\bin;C:\Program Files (x86)\Common Files\Oracle\Java\javapath;D:\oracle\product\11.2.0\dbhome_1\bin;D:\java\bin;C:\Program Files (x86)\Intel\iCLS Client\;C:\Program Files\Intel\iCLS Client\;C:\Windows\system32;C:\Windows;C:\Windows\System32\Wbem;C:\Windows\System32\WindowsPowerShell\v1.0\;C:\Program Files (x86)\NVIDIA Corporation\PhysX\Common;C:\Program Files (x86)\Intel\Intel(R) Management Engine Components\DAL;C:\Program Files\Intel\Intel(R) Management Engine Components\DAL;C:\Program Files (x86)\Intel\Intel(R) Management Engine Components\IPT;C:\Program Files\Intel\Intel(R) Management Engine Components\IPT;C:\WINDOWS\system32;C:\WINDOWS;C:\WINDOWS\System32\Wbem;C:\WINDOWS\System32\WindowsPowerShell\v1.0\;C:\WINDOWS\System32\OpenSSH\;C:\Program Files\VanDyke Software\Clients\;D:\Python37-32;D:\Git\cmd;D:\scala-2.11.8\bin;C:\Program Files\MySQL\MySQL Server 8.0\bin;C:\Program Files\Intel\WiFi\bin\;C:\Program Files\Common Files\Intel\WirelessCommon\;D:\TortoiseGit2\bin;D:\SVN1.14.0\bin;D:\RabbitMQServer\rabbitmq_server-3.8.14\sbin;D:\erlang\erl-23.1\bin;C:\Users\xinba\AppData\Local\Microsoft\WindowsApps;E:\hadoop\hadoop-2.7.2;D:\Microsoft VS Code\bin;;."/>
    <property name="java.vm.info" value="mixed mode"/>
    <property name="java.vendor" value="Oracle Corporation"/>
    <property name="java.vm.version" value="25.181-b13"/>
    <property name="java.ext.dirs" value="D:\java\jre\lib\ext;C:\WINDOWS\Sun\Java\lib\ext"/>
    <property name="sun.io.unicode.encoding" value="UnicodeLittle"/>
    <property name="java.class.version" value="52.0"/>
  </properties>
  <testcase name="shouldAnswerWithTrue" classname="com.xin.redisson.AppTest" time="0.003"/>
</testsuite>